This is pdfTeX, Version 3.14159265-2.6-1.40.16 (TeX Live 2015/Debian) (preloaded format=pdflatex 2018.12.15)  17 DEC 2018 18:09
entering extended mode
 restricted \write18 enabled.
 %&-line parsing enabled.
**jguan8_smadani2_project_report.tex
(./jguan8_smadani2_project_report.tex
LaTeX2e <2016/02/01>
Babel <3.9q> and hyphenation patterns for 3 language(s) loaded.
(/usr/share/texlive/texmf-dist/tex/latex/base/article.cls
Document Class: article 2014/09/29 v1.4h Standard LaTeX document class
(/usr/share/texlive/texmf-dist/tex/latex/base/size10.clo
File: size10.clo 2014/09/29 v1.4h Standard LaTeX file (size option)
)
\c@part=\count79
\c@section=\count80
\c@subsection=\count81
\c@subsubsection=\count82
\c@paragraph=\count83
\c@subparagraph=\count84
\c@figure=\count85
\c@table=\count86
\abovecaptionskip=\skip41
\belowcaptionskip=\skip42
\bibindent=\dimen102
) (./cvpr.sty
(./eso-pic.sty
Package: eso-pic 2002/11/16 v1.1b eso-pic (RN)
 (./cvpr_eso.sty

LaTeX Warning: You have requested package `eso-pic',
               but the package provides `everyshi'.

Package: everyshi 2001/05/15 v3.00 EveryShipout Package (MS)
) (/usr/share/texlive/texmf-dist/tex/latex/graphics/keyval.sty
Package: keyval 2014/10/28 v1.15 key=value parser (DPC)
\KV@toks@=\toks14
))
(/usr/share/texlive/texmf-dist/tex/latex/tools/xspace.sty
Package: xspace 2014/10/28 v1.13 Space after command names (DPC,MH)
)
CVPR 8.5 x 11-Inch Proceedings Style `cvpr.sty'.
\@ctmp=\skip43
\@figindent=\skip44
\cvprrulerbox=\box26
\cvprrulercount=\count87
\cvprruleroffset=\dimen103
\cv@lineheight=\dimen104
\cv@boxheight=\dimen105
\cv@tmpbox=\box27
\cv@refno=\count88
\cv@tot=\count89
\cv@tmpc@=\count90
\cv@tmpc=\count91
) (/usr/share/texlive/texmf-dist/tex/latex/psnfss/times.sty
Package: times 2005/04/12 PSNFSS-v9.2a (SPQR) 
)
(/usr/share/texlive/texmf-dist/tex/latex/graphics/epsfig.sty
Package: epsfig 1999/02/16 v1.7a (e)psfig emulation (SPQR)

(/usr/share/texlive/texmf-dist/tex/latex/graphics/graphicx.sty
Package: graphicx 2014/10/28 v1.0g Enhanced LaTeX Graphics (DPC,SPQR)

(/usr/share/texlive/texmf-dist/tex/latex/graphics/graphics.sty
Package: graphics 2016/01/03 v1.0q Standard LaTeX Graphics (DPC,SPQR)

(/usr/share/texlive/texmf-dist/tex/latex/graphics/trig.sty
Package: trig 2016/01/03 v1.10 sin cos tan (DPC)
)
(/usr/share/texlive/texmf-dist/tex/latex/latexconfig/graphics.cfg
File: graphics.cfg 2010/04/23 v1.9 graphics configuration of TeX Live
)
Package graphics Info: Driver file: pdftex.def on input line 95.

(/usr/share/texlive/texmf-dist/tex/latex/pdftex-def/pdftex.def
File: pdftex.def 2011/05/27 v0.06d Graphics/color for pdfTeX

(/usr/share/texlive/texmf-dist/tex/generic/oberdiek/infwarerr.sty
Package: infwarerr 2010/04/08 v1.3 Providing info/warning/error messages (HO)
)
(/usr/share/texlive/texmf-dist/tex/generic/oberdiek/ltxcmds.sty
Package: ltxcmds 2011/11/09 v1.22 LaTeX kernel commands for general use (HO)
)
\Gread@gobject=\count92
))
\Gin@req@height=\dimen106
\Gin@req@width=\dimen107
)
\epsfxsize=\dimen108
\epsfysize=\dimen109
)
(/usr/share/texlive/texmf-dist/tex/latex/amsmath/amsmath.sty
Package: amsmath 2016/03/03 v2.15a AMS math features
\@mathmargin=\skip45

For additional information on amsmath, use the `?' option.
(/usr/share/texlive/texmf-dist/tex/latex/amsmath/amstext.sty
Package: amstext 2000/06/29 v2.01 AMS text

(/usr/share/texlive/texmf-dist/tex/latex/amsmath/amsgen.sty
File: amsgen.sty 1999/11/30 v2.0 generic functions
\@emptytoks=\toks15
\ex@=\dimen110
))
(/usr/share/texlive/texmf-dist/tex/latex/amsmath/amsbsy.sty
Package: amsbsy 1999/11/29 v1.2d Bold Symbols
\pmbraise@=\dimen111
)
(/usr/share/texlive/texmf-dist/tex/latex/amsmath/amsopn.sty
Package: amsopn 1999/12/14 v2.01 operator names
)
\inf@bad=\count93
LaTeX Info: Redefining \frac on input line 199.
\uproot@=\count94
\leftroot@=\count95
LaTeX Info: Redefining \overline on input line 297.
\classnum@=\count96
\DOTSCASE@=\count97
LaTeX Info: Redefining \ldots on input line 394.
LaTeX Info: Redefining \dots on input line 397.
LaTeX Info: Redefining \cdots on input line 518.
\Mathstrutbox@=\box28
\strutbox@=\box29
\big@size=\dimen112
LaTeX Font Info:    Redeclaring font encoding OML on input line 630.
LaTeX Font Info:    Redeclaring font encoding OMS on input line 631.
\macc@depth=\count98
\c@MaxMatrixCols=\count99
\dotsspace@=\muskip10
\c@parentequation=\count100
\dspbrk@lvl=\count101
\tag@help=\toks16
\row@=\count102
\column@=\count103
\maxfields@=\count104
\andhelp@=\toks17
\eqnshift@=\dimen113
\alignsep@=\dimen114
\tagshift@=\dimen115
\tagwidth@=\dimen116
\totwidth@=\dimen117
\lineht@=\dimen118
\@envbody=\toks18
\multlinegap=\skip46
\multlinetaggap=\skip47
\mathdisplay@stack=\toks19
LaTeX Info: Redefining \[ on input line 2735.
LaTeX Info: Redefining \] on input line 2736.
)
(/usr/share/texlive/texmf-dist/tex/latex/amsfonts/amssymb.sty
Package: amssymb 2013/01/14 v3.01 AMS font symbols

(/usr/share/texlive/texmf-dist/tex/latex/amsfonts/amsfonts.sty
Package: amsfonts 2013/01/14 v3.01 Basic AMSFonts support
\symAMSa=\mathgroup4
\symAMSb=\mathgroup5
LaTeX Font Info:    Overwriting math alphabet `\mathfrak' in version `bold'
(Font)                  U/euf/m/n --> U/euf/b/n on input line 106.
))
(/usr/share/texlive/texmf-dist/tex/latex/subfig/subfig.sty
Package: subfig 2005/06/28 ver: 1.3 subfig package

(/usr/share/texlive/texmf-dist/tex/latex/caption/caption.sty
Package: caption 2016/02/21 v3.3-144 Customizing captions (AR)

(/usr/share/texlive/texmf-dist/tex/latex/caption/caption3.sty
Package: caption3 2016/02/04 v1.7-139 caption3 kernel (AR)
Package caption3 Info: TeX engine: e-TeX on input line 67.
\captionmargin=\dimen119
\captionmargin@=\dimen120
\captionwidth=\dimen121
\caption@tempdima=\dimen122
\caption@indent=\dimen123
\caption@parindent=\dimen124
\caption@hangindent=\dimen125
Package caption Info: Unknown document class (or package),
(caption)             standard defaults will be used.
)

Package caption Warning: Unsupported document class (or package) detected,
(caption)                usage of the caption package is not recommended.
See the caption package documentation for explanation.

Package caption Info: \@makecaption = \long macro:#1#2-> \setbox \@tempboxa \hb
ox {\small \noindent #1.~#2} \setlength {\@ctmp }{\hsize } \addtolength {\@ctmp
 }{-\@figindent }\addtolength {\@ctmp }{-\@figindent } \ifdim \wd \@tempboxa >\
@ctmp {\small #1.~#2\par } \else \hbox to\hsize {\hfil \box \@tempboxa \hfil } 
\fi .
\c@ContinuedFloat=\count105
)
\c@KVtest=\count106
\sf@farskip=\skip48
\sf@captopadj=\dimen126
\sf@capskip=\skip49
\sf@nearskip=\skip50
\c@subfigure=\count107
\c@subfigure@save=\count108
\c@lofdepth=\count109
\c@subtable=\count110
\c@subtable@save=\count111
\c@lotdepth=\count112
\sf@top=\skip51
\sf@bottom=\skip52
) (/usr/share/texlive/texmf-dist/tex/latex/tools/tabularx.sty
Package: tabularx 2014/10/28 v2.10 `tabularx' package (DPC)

(/usr/share/texlive/texmf-dist/tex/latex/tools/array.sty
Package: array 2014/10/28 v2.4c Tabular extension package (FMi)
\col@sep=\dimen127
\extrarowheight=\dimen128
\NC@list=\toks20
\extratabsurround=\skip53
\backup@length=\skip54
)
\TX@col@width=\dimen129
\TX@old@table=\dimen130
\TX@old@col=\dimen131
\TX@target=\dimen132
\TX@delta=\dimen133
\TX@cols=\count113
\TX@ftn=\toks21
)
(/usr/share/texlive/texmf-dist/tex/latex/hyperref/hyperref.sty
Package: hyperref 2012/11/06 v6.83m Hypertext links for LaTeX

(/usr/share/texlive/texmf-dist/tex/generic/oberdiek/hobsub-hyperref.sty
Package: hobsub-hyperref 2012/05/28 v1.13 Bundle oberdiek, subset hyperref (HO)


(/usr/share/texlive/texmf-dist/tex/generic/oberdiek/hobsub-generic.sty
Package: hobsub-generic 2012/05/28 v1.13 Bundle oberdiek, subset generic (HO)
Package: hobsub 2012/05/28 v1.13 Construct package bundles (HO)
Package hobsub Info: Skipping package `infwarerr' (already loaded).
Package hobsub Info: Skipping package `ltxcmds' (already loaded).
Package: ifluatex 2010/03/01 v1.3 Provides the ifluatex switch (HO)
Package ifluatex Info: LuaTeX not detected.
Package: ifvtex 2010/03/01 v1.5 Detect VTeX and its facilities (HO)
Package ifvtex Info: VTeX not detected.
Package: intcalc 2007/09/27 v1.1 Expandable calculations with integers (HO)
Package: ifpdf 2011/01/30 v2.3 Provides the ifpdf switch (HO)
Package ifpdf Info: pdfTeX in PDF mode is detected.
Package: etexcmds 2011/02/16 v1.5 Avoid name clashes with e-TeX commands (HO)
Package etexcmds Info: Could not find \expanded.
(etexcmds)             That can mean that you are not using pdfTeX 1.50 or
(etexcmds)             that some package has redefined \expanded.
(etexcmds)             In the latter case, load this package earlier.
Package: kvsetkeys 2012/04/25 v1.16 Key value parser (HO)
Package: kvdefinekeys 2011/04/07 v1.3 Define keys (HO)
Package: pdftexcmds 2011/11/29 v0.20 Utility functions of pdfTeX for LuaTeX (HO
)
Package pdftexcmds Info: LuaTeX not detected.
Package pdftexcmds Info: \pdf@primitive is available.
Package pdftexcmds Info: \pdf@ifprimitive is available.
Package pdftexcmds Info: \pdfdraftmode found.
Package: pdfescape 2011/11/25 v1.13 Implements pdfTeX's escape features (HO)
Package: bigintcalc 2012/04/08 v1.3 Expandable calculations on big integers (HO
)
Package: bitset 2011/01/30 v1.1 Handle bit-vector datatype (HO)
Package: uniquecounter 2011/01/30 v1.2 Provide unlimited unique counter (HO)
)
Package hobsub Info: Skipping package `hobsub' (already loaded).
Package: letltxmacro 2010/09/02 v1.4 Let assignment for LaTeX macros (HO)
Package: hopatch 2012/05/28 v1.2 Wrapper for package hooks (HO)
Package: xcolor-patch 2011/01/30 xcolor patch
Package: atveryend 2011/06/30 v1.8 Hooks at the very end of document (HO)
Package atveryend Info: \enddocument detected (standard20110627).
Package: atbegshi 2011/10/05 v1.16 At begin shipout hook (HO)
Package: refcount 2011/10/16 v3.4 Data extraction from label references (HO)
Package: hycolor 2011/01/30 v1.7 Color options for hyperref/bookmark (HO)
)
(/usr/share/texlive/texmf-dist/tex/generic/ifxetex/ifxetex.sty
Package: ifxetex 2010/09/12 v0.6 Provides ifxetex conditional
)
(/usr/share/texlive/texmf-dist/tex/latex/oberdiek/auxhook.sty
Package: auxhook 2011/03/04 v1.3 Hooks for auxiliary files (HO)
)
(/usr/share/texlive/texmf-dist/tex/latex/oberdiek/kvoptions.sty
Package: kvoptions 2011/06/30 v3.11 Key value format for package options (HO)
)
\@linkdim=\dimen134
\Hy@linkcounter=\count114
\Hy@pagecounter=\count115

(/usr/share/texlive/texmf-dist/tex/latex/hyperref/pd1enc.def
File: pd1enc.def 2012/11/06 v6.83m Hyperref: PDFDocEncoding definition (HO)
)
\Hy@SavedSpaceFactor=\count116

(/usr/share/texlive/texmf-dist/tex/latex/latexconfig/hyperref.cfg
File: hyperref.cfg 2002/06/06 v1.2 hyperref configuration of TeXLive
)
Package hyperref Info: Option `breaklinks' set `true' on input line 4319.


Package hyperref Warning: Option `letterpaper' is no longer used.

Package hyperref Info: Option `colorlinks' set `true' on input line 4319.
Package hyperref Info: Option `bookmarks' set `false' on input line 4319.
Package hyperref Info: Hyper figures OFF on input line 4443.
Package hyperref Info: Link nesting OFF on input line 4448.
Package hyperref Info: Hyper index ON on input line 4451.
Package hyperref Info: Plain pages OFF on input line 4458.
Package hyperref Info: Backreferencing ON on input line 4461.
Package hyperref Info: Implicit mode ON; LaTeX internals redefined.
Package hyperref Info: Bookmarks OFF on input line 4694.
(/usr/share/texlive/texmf-dist/tex/latex/hyperref/backref.sty
Package: backref 2012/07/25 v1.38 Bibliographical back referencing

(/usr/share/texlive/texmf-dist/tex/latex/oberdiek/rerunfilecheck.sty
Package: rerunfilecheck 2011/04/15 v1.7 Rerun checks for auxiliary files (HO)
Package uniquecounter Info: New unique counter `rerunfilecheck' on input line 2
82.
))
\c@Hy@tempcnt=\count117

(/usr/share/texlive/texmf-dist/tex/latex/url/url.sty
\Urlmuskip=\muskip11
Package: url 2013/09/16  ver 3.4  Verb mode for urls, etc.
)
LaTeX Info: Redefining \url on input line 5041.
\XeTeXLinkMargin=\dimen135
\Fld@menulength=\count118
\Field@Width=\dimen136
\Fld@charsize=\dimen137
Package hyperref Info: Hyper figures OFF on input line 6295.
Package hyperref Info: Link nesting OFF on input line 6300.
Package hyperref Info: Hyper index ON on input line 6303.
Package hyperref Info: backreferencing ON on input line 6308.
Package hyperref Info: Link coloring ON on input line 6313.
Package hyperref Info: Link coloring with OCG OFF on input line 6320.
Package hyperref Info: PDF/A mode OFF on input line 6325.
LaTeX Info: Redefining \ref on input line 6365.
LaTeX Info: Redefining \pageref on input line 6369.
\Hy@abspage=\count119
\c@Item=\count120
\c@Hfootnote=\count121
)

Package hyperref Message: Driver (autodetected): hpdftex.

(/usr/share/texlive/texmf-dist/tex/latex/hyperref/hpdftex.def
File: hpdftex.def 2012/11/06 v6.83m Hyperref driver for pdfTeX
\Fld@listcount=\count122
\c@bookmark@seq@number=\count123
\Hy@SectionHShift=\skip55
)
(./jguan8_smadani2_project_report.aux)
\openout1 = `jguan8_smadani2_project_report.aux'.

LaTeX Font Info:    Checking defaults for OML/cmm/m/it on input line 26.
LaTeX Font Info:    ... okay on input line 26.
LaTeX Font Info:    Checking defaults for T1/cmr/m/n on input line 26.
LaTeX Font Info:    ... okay on input line 26.
LaTeX Font Info:    Checking defaults for OT1/cmr/m/n on input line 26.
LaTeX Font Info:    ... okay on input line 26.
LaTeX Font Info:    Checking defaults for OMS/cmsy/m/n on input line 26.
LaTeX Font Info:    ... okay on input line 26.
LaTeX Font Info:    Checking defaults for OMX/cmex/m/n on input line 26.
LaTeX Font Info:    ... okay on input line 26.
LaTeX Font Info:    Checking defaults for U/cmr/m/n on input line 26.
LaTeX Font Info:    ... okay on input line 26.
LaTeX Font Info:    Checking defaults for PD1/pdf/m/n on input line 26.
LaTeX Font Info:    ... okay on input line 26.
LaTeX Font Info:    Try loading font information for OT1+ptm on input line 26.

(/usr/share/texlive/texmf-dist/tex/latex/psnfss/ot1ptm.fd
File: ot1ptm.fd 2001/06/04 font definitions for OT1/ptm.
)
ABD: EveryShipout initializing macros
(/usr/share/texlive/texmf-dist/tex/latex/graphics/color.sty
Package: color 2016/01/03 v1.1b Standard LaTeX Color (DPC)

(/usr/share/texlive/texmf-dist/tex/latex/latexconfig/color.cfg
File: color.cfg 2007/01/18 v1.5 color configuration of teTeX/TeXLive
)
Package color Info: Driver file: pdftex.def on input line 143.
)
(/usr/share/texlive/texmf-dist/tex/context/base/supp-pdf.mkii
[Loading MPS to PDF converter (version 2006.09.02).]
\scratchcounter=\count124
\scratchdimen=\dimen138
\scratchbox=\box30
\nofMPsegments=\count125
\nofMParguments=\count126
\everyMPshowfont=\toks22
\MPscratchCnt=\count127
\MPscratchDim=\dimen139
\MPnumerator=\count128
\makeMPintoPDFobject=\count129
\everyMPtoPDFconversion=\toks23
) (/usr/share/texlive/texmf-dist/tex/latex/oberdiek/epstopdf-base.sty
Package: epstopdf-base 2010/02/09 v2.5 Base part for package epstopdf

(/usr/share/texlive/texmf-dist/tex/latex/oberdiek/grfext.sty
Package: grfext 2010/08/19 v1.1 Manage graphics extensions (HO)
)
Package grfext Info: Graphics extension search list:
(grfext)             [.png,.pdf,.jpg,.mps,.jpeg,.jbig2,.jb2,.PNG,.PDF,.JPG,.JPE
G,.JBIG2,.JB2,.eps]
(grfext)             \AppendGraphicsExtensions on input line 452.

(/usr/share/texlive/texmf-dist/tex/latex/latexconfig/epstopdf-sys.cfg
File: epstopdf-sys.cfg 2010/07/13 v1.3 Configuration of (r)epstopdf for TeX Liv
e
))
Package caption Info: Begin \AtBeginDocument code.
Package caption Info: subfig package v1.3 is loaded.
Package caption Info: hyperref package is loaded.
Package caption Info: End \AtBeginDocument code.
\AtBeginShipoutBox=\box31
Package atbegshi Info: Package `everyshi' patched.
Package hyperref Info: Link coloring ON on input line 26.

(/usr/share/texlive/texmf-dist/tex/latex/hyperref/nameref.sty
Package: nameref 2012/10/27 v2.43 Cross-referencing by name of section

(/usr/share/texlive/texmf-dist/tex/generic/oberdiek/gettitlestring.sty
Package: gettitlestring 2010/12/03 v1.4 Cleanup title references (HO)
)
\c@section@level=\count130
)
LaTeX Info: Redefining \ref on input line 26.
LaTeX Info: Redefining \pageref on input line 26.
LaTeX Info: Redefining \nameref on input line 26.
LaTeX Font Info:    Font shape `OT1/ptm/bx/n' in size <14.4> not available
(Font)              Font shape `OT1/ptm/b/n' tried instead on input line 43.
LaTeX Font Info:    Try loading font information for U+msa on input line 43.

(/usr/share/texlive/texmf-dist/tex/latex/amsfonts/umsa.fd
File: umsa.fd 2013/01/14 v3.01 AMS symbols A
)
LaTeX Font Info:    Try loading font information for U+msb on input line 43.

(/usr/share/texlive/texmf-dist/tex/latex/amsfonts/umsb.fd
File: umsb.fd 2013/01/14 v3.01 AMS symbols B
)
LaTeX Font Info:    Try loading font information for OT1+pcr on input line 43.

(/usr/share/texlive/texmf-dist/tex/latex/psnfss/ot1pcr.fd
File: ot1pcr.fd 2001/06/04 font definitions for OT1/pcr.
) (./intro.tex
LaTeX Font Info:    Font shape `OT1/ptm/bx/n' in size <12> not available
(Font)              Font shape `OT1/ptm/b/n' tried instead on input line 1.
)
(./challenge.tex [1{/var/lib/texmf/fonts/map/pdftex/updmap/pdftex.map}


])
(./method.tex) (./cGAN.tex [2]
Underfull \hbox (badness 1701) in paragraph at lines 22--23
[]\OT1/ptm/m/n/10 The mo-ti-va-tion be-hind this is to cap-ture the low-
 []

) (./dataset.tex [3]) (./exp.tex
<./figure/exp_2.png, id=88, 380.17032pt x 507.39563pt>
File: ./figure/exp_2.png Graphic file (type png)

<use ./figure/exp_2.png>
Package pdftex.def Info: ./figure/exp_2.png used on input line 6.
(pdftex.def)             Requested size: 170.7212pt x 227.62138pt.

<./figure/exp_1.png, id=90, 364.36125pt x 235.63031pt>
File: ./figure/exp_1.png Graphic file (type png)

<use ./figure/exp_1.png>
Package pdftex.def Info: ./figure/exp_1.png used on input line 13.
(pdftex.def)             Requested size: 213.39232pt x 113.81316pt.

<./figure/exp_1_img.jpg, id=91, 1859.94875pt x 973.6375pt>
File: ./figure/exp_1_img.jpg Graphic file (type jpg)

<use ./figure/exp_1_img.jpg>
Package pdftex.def Info: ./figure/exp_1_img.jpg used on input line 14.
(pdftex.def)             Requested size: 256.04883pt x 170.71596pt.

Overfull \hbox (18.91289pt too wide) in paragraph at lines 14--15
 [][] 
 []

[4 <./figure/exp_2.png> <./figure/exp_1.png> <./figure/exp_1_img.jpg>]
<./figure/2d_origin.jpg, id=111, 1124.2pt x 843.15pt>
File: ./figure/2d_origin.jpg Graphic file (type jpg)

<use ./figure/2d_origin.jpg>
Package pdftex.def Info: ./figure/2d_origin.jpg used on input line 23.
(pdftex.def)             Requested size: 227.61494pt x 113.80746pt.

<./figure/2d_detect.jpg, id=112, 1124.2pt x 843.15pt>
File: ./figure/2d_detect.jpg Graphic file (type jpg)

<use ./figure/2d_detect.jpg>
Package pdftex.def Info: ./figure/2d_detect.jpg used on input line 24.
(pdftex.def)             Requested size: 227.61494pt x 113.80746pt.

<./figure/3d_cam.jpg, id=113, 2890.8pt x 652.4375pt>
File: ./figure/3d_cam.jpg Graphic file (type jpg)
 <use ./figure/3d_cam.jpg>
Package pdftex.def Info: ./figure/3d_cam.jpg used on input line 25.
(pdftex.def)             Requested size: 270.26196pt x 113.80992pt.

Overfull \hbox (33.12602pt too wide) in paragraph at lines 25--25
 [][] 
 []

<./figure/2d_blur.jpg, id=114, 1124.2pt x 843.15pt>
File: ./figure/2d_blur.jpg Graphic file (type jpg)
 <use ./figure/2d_blur.jpg>
Package pdftex.def Info: ./figure/2d_blur.jpg used on input line 26.
(pdftex.def)             Requested size: 227.61494pt x 113.80746pt.

<./figure/2d_select.jpg, id=115, 1124.2pt x 843.15pt>
File: ./figure/2d_select.jpg Graphic file (type jpg)

<use ./figure/2d_select.jpg>
Package pdftex.def Info: ./figure/2d_select.jpg used on input line 27.
(pdftex.def)             Requested size: 227.61494pt x 113.80746pt.
 <./figure/CAD.png, id=116, 642.4pt x 354.32375pt>
File: ./figure/CAD.png Graphic file (type png)

<use ./figure/CAD.png>
Package pdftex.def Info: ./figure/CAD.png used on input line 34.
(pdftex.def)             Requested size: 213.39436pt x 113.80762pt.
 <./figure/side.jpg, id=117, 1124.2pt x 843.15pt>
File: ./figure/side.jpg Graphic file (type jpg)

<use ./figure/side.jpg>
Package pdftex.def Info: ./figure/side.jpg used on input line 35.
(pdftex.def)             Requested size: 256.07324pt x 170.7112pt.

Overfull \hbox (18.9373pt too wide) in paragraph at lines 35--35
 [][] 
 []

<./figure/specular.jpg, id=118, 1124.2pt x 843.15pt>
File: ./figure/specular.jpg Graphic file (type jpg)

<use ./figure/specular.jpg>
Package pdftex.def Info: ./figure/specular.jpg used on input line 36.
(pdftex.def)             Requested size: 256.07324pt x 170.7112pt.

Overfull \hbox (18.9373pt too wide) in paragraph at lines 36--36
 [][] 
 []

<./figure/126_real_B.png, id=119, 256.96pt x 256.96pt>
File: ./figure/126_real_B.png Graphic file (type png)

<use ./figure/126_real_B.png>
Package pdftex.def Info: ./figure/126_real_B.png used on input line 68.
(pdftex.def)             Requested size: 153.64786pt x 76.82196pt.

<./figure/126_real_A.png, id=120, 256.96pt x 256.96pt>
File: ./figure/126_real_A.png Graphic file (type png)

<use ./figure/126_real_A.png>
Package pdftex.def Info: ./figure/126_real_A.png used on input line 69.
(pdftex.def)             Requested size: 153.64786pt x 76.82196pt.

<./figure/126_fake_B.png, id=121, 256.96pt x 256.96pt>
File: ./figure/126_fake_B.png Graphic file (type png)

<use ./figure/126_fake_B.png>
Package pdftex.def Info: ./figure/126_fake_B.png used on input line 70.
(pdftex.def)             Requested size: 153.64786pt x 76.82196pt.

<./figure/cologne_000011_000019_leftImg8bit_mask_rcnn_out_py.jpg, id=123, 2055.
68pt x 1027.84pt>
<use ./figure/cologne_000011_000019_leftImg8bit_mask_rcnn_out_py.jpg>
<./figure/cologne_000013_000019_leftImg8bit_mask_rcnn_out_py.jpg, id=124, 2055.
68pt x 1027.84pt>
<use ./figure/cologne_000013_000019_leftImg8bit_mask_rcnn_out_py.jpg>
<./figure/dusseldorf_000008_000019_leftImg8bit_mask_rcnn_out_py.jpg, id=125, 20
55.68pt x 1027.84pt>
<use ./figure/dusseldorf_000008_000019_leftImg8bit_mask_rcnn_out_py.jpg>
<./figure/dusseldorf_000040_000019_leftImg8bit_mask_rcnn_out_py.jpg, id=126, 20
55.68pt x 1027.84pt>
<use ./figure/dusseldorf_000040_000019_leftImg8bit_mask_rcnn_out_py.jpg>
<./figure/dusseldorf_000088_000019_leftImg8bit_mask_rcnn_out_py.jpg, id=127, 20
55.68pt x 1027.84pt>
<use ./figure/dusseldorf_000088_000019_leftImg8bit_mask_rcnn_out_py.jpg>
<./figure/10_real_A.png, id=129, 256.96pt x 256.96pt>
<use ./figure/10_real_A.png>
<./figure/12_real_A.png, id=130, 256.96pt x 256.96pt>
<use ./figure/12_real_A.png>
<./figure/145_real_A.png, id=131, 256.96pt x 256.96pt>
<use ./figure/145_real_A.png>
<./figure/171_real_A.png, id=132, 256.96pt x 256.96pt>
<use ./figure/171_real_A.png>
<./figure/207_real_A.png, id=133, 256.96pt x 256.96pt>
<use ./figure/207_real_A.png>
<./figure/10_real_B.png, id=134, 256.96pt x 256.96pt>
<use ./figure/10_real_B.png>
<./figure/12_real_B.png, id=135, 256.96pt x 256.96pt>
<use ./figure/12_real_B.png>
<./figure/145_real_B.png, id=136, 256.96pt x 256.96pt>
<use ./figure/145_real_B.png>
<./figure/171_real_B.png, id=137, 256.96pt x 256.96pt>
<use ./figure/171_real_B.png>
<./figure/207_real_B.png, id=138, 256.96pt x 256.96pt>
<use ./figure/207_real_B.png>
<./figure/10_fake_B.png, id=139, 256.96pt x 256.96pt>
<use ./figure/10_fake_B.png>
<./figure/12_fake_B.png, id=140, 256.96pt x 256.96pt>
<use ./figure/12_fake_B.png>
<./figure/145_fake_B.png, id=141, 256.96pt x 256.96pt>
<use ./figure/145_fake_B.png>
<./figure/171_fake_B.png, id=142, 256.96pt x 256.96pt>
<use ./figure/171_fake_B.png>
<./figure/207_fake_B.png, id=143, 256.96pt x 256.96pt>
<use ./figure/207_fake_B.png>
<use ./figure/cologne_000011_000019_leftImg8bit_mask_rcnn_out_py.jpg>
<use ./figure/cologne_000013_000019_leftImg8bit_mask_rcnn_out_py.jpg>
<use ./figure/dusseldorf_000008_000019_leftImg8bit_mask_rcnn_out_py.jpg>
<use ./figure/dusseldorf_000040_000019_leftImg8bit_mask_rcnn_out_py.jpg>
<use ./figure/dusseldorf_000088_000019_leftImg8bit_mask_rcnn_out_py.jpg>
<use ./figure/10_real_A.png> <use ./figure/12_real_A.png>
<use ./figure/145_real_A.png> <use ./figure/171_real_A.png>
<use ./figure/207_real_A.png> <use ./figure/10_real_B.png>
<use ./figure/12_real_B.png> <use ./figure/145_real_B.png>
<use ./figure/171_real_B.png> <use ./figure/207_real_B.png>
<use ./figure/10_fake_B.png> <use ./figure/12_fake_B.png>
<use ./figure/145_fake_B.png> <use ./figure/171_fake_B.png>
<use ./figure/207_fake_B.png>
File: ./figure/cologne_000011_000019_leftImg8bit_mask_rcnn_out_py.jpg Graphic f
ile (type jpg)

<use ./figure/cologne_000011_000019_leftImg8bit_mask_rcnn_out_py.jpg>
Package pdftex.def Info: ./figure/cologne_000011_000019_leftImg8bit_mask_rcnn_o
ut_py.jpg used on input line 123.
(pdftex.def)             Requested size: 105.26802pt x 52.634pt.
File: ./figure/cologne_000013_000019_leftImg8bit_mask_rcnn_out_py.jpg Graphic f
ile (type jpg)

<use ./figure/cologne_000013_000019_leftImg8bit_mask_rcnn_out_py.jpg>
Package pdftex.def Info: ./figure/cologne_000013_000019_leftImg8bit_mask_rcnn_o
ut_py.jpg used on input line 123.
(pdftex.def)             Requested size: 105.26802pt x 52.634pt.
File: ./figure/dusseldorf_000008_000019_leftImg8bit_mask_rcnn_out_py.jpg Graphi
c file (type jpg)

<use ./figure/dusseldorf_000008_000019_leftImg8bit_mask_rcnn_out_py.jpg>
Package pdftex.def Info: ./figure/dusseldorf_000008_000019_leftImg8bit_mask_rcn
n_out_py.jpg used on input line 123.
(pdftex.def)             Requested size: 105.26802pt x 52.634pt.
File: ./figure/dusseldorf_000040_000019_leftImg8bit_mask_rcnn_out_py.jpg Graphi
c file (type jpg)

<use ./figure/dusseldorf_000040_000019_leftImg8bit_mask_rcnn_out_py.jpg>
Package pdftex.def Info: ./figure/dusseldorf_000040_000019_leftImg8bit_mask_rcn
n_out_py.jpg used on input line 123.
(pdftex.def)             Requested size: 105.26802pt x 52.634pt.
File: ./figure/dusseldorf_000088_000019_leftImg8bit_mask_rcnn_out_py.jpg Graphi
c file (type jpg)

<use ./figure/dusseldorf_000088_000019_leftImg8bit_mask_rcnn_out_py.jpg>
Package pdftex.def Info: ./figure/dusseldorf_000088_000019_leftImg8bit_mask_rcn
n_out_py.jpg used on input line 123.
(pdftex.def)             Requested size: 105.26802pt x 52.634pt.
File: ./figure/10_real_A.png Graphic file (type png)

<use ./figure/10_real_A.png>
Package pdftex.def Info: ./figure/10_real_A.png used on input line 123.
(pdftex.def)             Requested size: 105.27585pt x 52.63792pt.
File: ./figure/12_real_A.png Graphic file (type png)
 <use ./figure/12_real_A.png>
Package pdftex.def Info: ./figure/12_real_A.png used on input line 123.
(pdftex.def)             Requested size: 105.27585pt x 52.63792pt.
File: ./figure/145_real_A.png Graphic file (type png)

<use ./figure/145_real_A.png>
Package pdftex.def Info: ./figure/145_real_A.png used on input line 123.
(pdftex.def)             Requested size: 105.27585pt x 52.63792pt.
File: ./figure/171_real_A.png Graphic file (type png)
 <use ./figure/171_real_A.png>
Package pdftex.def Info: ./figure/171_real_A.png used on input line 123.
(pdftex.def)             Requested size: 105.27585pt x 52.63792pt.
File: ./figure/207_real_A.png Graphic file (type png)

<use ./figure/207_real_A.png>
Package pdftex.def Info: ./figure/207_real_A.png used on input line 123.
(pdftex.def)             Requested size: 105.27585pt x 52.63792pt.
File: ./figure/10_real_B.png Graphic file (type png)
 <use ./figure/10_real_B.png>
Package pdftex.def Info: ./figure/10_real_B.png used on input line 123.
(pdftex.def)             Requested size: 105.27585pt x 52.63792pt.
File: ./figure/12_real_B.png Graphic file (type png)

<use ./figure/12_real_B.png>
Package pdftex.def Info: ./figure/12_real_B.png used on input line 123.
(pdftex.def)             Requested size: 105.27585pt x 52.63792pt.
File: ./figure/145_real_B.png Graphic file (type png)
 <use ./figure/145_real_B.png>
Package pdftex.def Info: ./figure/145_real_B.png used on input line 123.
(pdftex.def)             Requested size: 105.27585pt x 52.63792pt.
File: ./figure/171_real_B.png Graphic file (type png)

<use ./figure/171_real_B.png>
Package pdftex.def Info: ./figure/171_real_B.png used on input line 123.
(pdftex.def)             Requested size: 105.27585pt x 52.63792pt.
File: ./figure/207_real_B.png Graphic file (type png)
 <use ./figure/207_real_B.png>
Package pdftex.def Info: ./figure/207_real_B.png used on input line 123.
(pdftex.def)             Requested size: 105.27585pt x 52.63792pt.
File: ./figure/10_fake_B.png Graphic file (type png)

<use ./figure/10_fake_B.png>
Package pdftex.def Info: ./figure/10_fake_B.png used on input line 123.
(pdftex.def)             Requested size: 105.27585pt x 52.63792pt.
File: ./figure/12_fake_B.png Graphic file (type png)
 <use ./figure/12_fake_B.png>
Package pdftex.def Info: ./figure/12_fake_B.png used on input line 123.
(pdftex.def)             Requested size: 105.27585pt x 52.63792pt.
File: ./figure/145_fake_B.png Graphic file (type png)

<use ./figure/145_fake_B.png>
Package pdftex.def Info: ./figure/145_fake_B.png used on input line 123.
(pdftex.def)             Requested size: 105.27585pt x 52.63792pt.
File: ./figure/171_fake_B.png Graphic file (type png)
 <use ./figure/171_fake_B.png>
Package pdftex.def Info: ./figure/171_fake_B.png used on input line 123.
(pdftex.def)             Requested size: 105.27585pt x 52.63792pt.
File: ./figure/207_fake_B.png Graphic file (type png)

<use ./figure/207_fake_B.png>
Package pdftex.def Info: ./figure/207_fake_B.png used on input line 123.
(pdftex.def)             Requested size: 105.27585pt x 52.63792pt.

Overfull \hbox (22.23929pt too wide) in alignment at lines 123--123
[][][][] 
 []


Underfull \vbox (badness 1028) has occurred while \output is active []

 [5 <./figure/2d_origin.jpg> <./figure/2d_detect.jpg> <./figure/3d_cam.jpg> <./
figure/2d_blur.jpg> <./figure/2d_select.jpg>]) (./conclusion.tex)
Underfull \vbox (badness 10000) has occurred while \output is active []

 [6 <./figure/CAD.png> <./figure/side.jpg> <./figure/specular.jpg> <./figure/12
6_real_B.png (PNG copy)> <./figure/126_real_A.png (PNG copy)> <./figure/126_fak
e_B.png (PNG copy)>] (./jguan8_smadani2_project_report.bbl
(./jguan8_smadani2_project_report.brf)
\tf@brf=\write3
\openout3 = `jguan8_smadani2_project_report.brf'.


Underfull \hbox (badness 3492) in paragraph at lines 38--38
[]\OT1/ptm/m/n/9 I. Good-fel-low, J. Pouget-Abadie, M. Mirza, B. Xu,
 []

Missing character: There is no Ã in font ptmr7t!
Missing character: There is no ¡ in font ptmr7t!

Underfull \vbox (badness 6641) has occurred while \output is active []

 [7 <./figure/cologne_000011_000019_leftImg8bit_mask_rcnn_out_py.jpg> <./figure
/cologne_000013_000019_leftImg8bit_mask_rcnn_out_py.jpg> <./figure/dusseldorf_0
00008_000019_leftImg8bit_mask_rcnn_out_py.jpg> <./figure/dusseldorf_000040_0000
19_leftImg8bit_mask_rcnn_out_py.jpg> <./figure/dusseldorf_000088_000019_leftImg
8bit_mask_rcnn_out_py.jpg> <./figure/10_real_A.png (PNG copy)> <./figure/12_rea
l_A.png (PNG copy)> <./figure/145_real_A.png (PNG copy)> <./figure/171_real_A.p
ng (PNG copy)> <./figure/207_real_A.png (PNG copy)> <./figure/10_real_B.png (PN
G copy)> <./figure/12_real_B.png (PNG copy)> <./figure/145_real_B.png (PNG copy
)> <./figure/171_real_B.png (PNG copy)> <./figure/207_real_B.png (PNG copy)> <.
/figure/10_fake_B.png (PNG copy)> <./figure/12_fake_B.png (PNG copy)> <./figure
/145_fake_B.png (PNG copy)> <./figure/171_fake_B.png (PNG copy)> <./figure/207_
fake_B.png (PNG copy)>])
Package atveryend Info: Empty hook `BeforeClearDocument' on input line 73.
 [8

]
Package atveryend Info: Empty hook `AfterLastShipout' on input line 73.
 (./jguan8_smadani2_project_report.aux)
Package atveryend Info: Executing hook `AtVeryEndDocument' on input line 73.
Package atveryend Info: Executing hook `AtEndAfterFileList' on input line 73.
Package rerunfilecheck Info: File `jguan8_smadani2_project_report.brf' has not 
changed.
(rerunfilecheck)             Checksum: 74C2B34C7C3ADC276EDAB87860F718CE;1134.
Package atveryend Info: Empty hook `AtVeryVeryEnd' on input line 73.
 ) 
Here is how much of TeX's memory you used:
 8054 strings out of 494953
 122235 string characters out of 6180976
 214040 words of memory out of 5000000
 11103 multiletter control sequences out of 15000+600000
 23218 words of font info for 59 fonts, out of 8000000 for 9000
 14 hyphenation exceptions out of 8191
 44i,19n,42p,2481b,513s stack positions out of 5000i,500n,10000p,200000b,80000s
{/usr/share/texlive/texmf-dist/fonts/enc/dvips/base/8r.enc}</usr/share/texliv
e/texmf-dist/fonts/type1/public/amsfonts/cm/cmmi10.pfb></usr/share/texlive/texm
f-dist/fonts/type1/public/amsfonts/cm/cmmi7.pfb></usr/share/texlive/texmf-dist/
fonts/type1/public/amsfonts/cm/cmr10.pfb></usr/share/texlive/texmf-dist/fonts/t
ype1/public/amsfonts/cm/cmr5.pfb></usr/share/texlive/texmf-dist/fonts/type1/pub
lic/amsfonts/cm/cmr7.pfb></usr/share/texlive/texmf-dist/fonts/type1/public/amsf
onts/cm/cmsy10.pfb></usr/share/texlive/texmf-dist/fonts/type1/public/amsfonts/s
ymbols/msbm10.pfb></usr/share/texlive/texmf-dist/fonts/type1/urw/courier/ucrr8a
.pfb></usr/share/texlive/texmf-dist/fonts/type1/urw/times/utmb8a.pfb></usr/shar
e/texlive/texmf-dist/fonts/type1/urw/times/utmr8a.pfb></usr/share/texlive/texmf
-dist/fonts/type1/urw/times/utmri8a.pfb>
Output written on jguan8_smadani2_project_report.pdf (8 pages, 4258408 bytes).
PDF statistics:
 274 PDF objects out of 1000 (max. 8388607)
 211 compressed objects within 3 object streams
 70 named destinations out of 1000 (max. 500000)
 171 words of extra memory for PDF output out of 10000 (max. 10000000)

